<?xml version="1.0" encoding="UTF-8"?>
<testng-results skipped="0" failed="0" ignored="0" total="2" passed="2">
  <reporter-output>
  </reporter-output>
  <suite name="Default suite" duration-ms="27" started-at="2020-11-05T12:53:44Z" finished-at="2020-11-05T12:53:44Z">
    <groups>
    </groups>
    <test name="Default test" duration-ms="27" started-at="2020-11-05T12:53:44Z" finished-at="2020-11-05T12:53:44Z">
      <class name="com.ljd.java001.TestNG">
        <test-method status="PASS" signature="beforeSuite()[pri:0, instance:com.ljd.java001.TestNG@4cc0edeb]" name="beforeSuite" is-config="true" duration-ms="12" started-at="2020-11-05T12:53:44Z" finished-at="2020-11-05T12:53:44Z">
          <reporter-output>
          </reporter-output>
        </test-method> <!-- beforeSuite -->
        <test-method status="PASS" signature="beforeTest()[pri:0, instance:com.ljd.java001.TestNG@4cc0edeb]" name="beforeTest" is-config="true" duration-ms="0" started-at="2020-11-05T12:53:44Z" finished-at="2020-11-05T12:53:44Z">
          <reporter-output>
          </reporter-output>
        </test-method> <!-- beforeTest -->
        <test-method status="PASS" signature="beforeClass()[pri:0, instance:com.ljd.java001.TestNG@4cc0edeb]" name="beforeClass" is-config="true" duration-ms="1" started-at="2020-11-05T12:53:44Z" finished-at="2020-11-05T12:53:44Z">
          <reporter-output>
          </reporter-output>
        </test-method> <!-- beforeClass -->
        <test-method status="PASS" signature="testCase1()[pri:0, instance:com.ljd.java001.TestNG@4cc0edeb]" name="testCase1" duration-ms="5" started-at="2020-11-05T12:53:44Z" finished-at="2020-11-05T12:53:44Z">
          <reporter-output>
          </reporter-output>
        </test-method> <!-- testCase1 -->
        <test-method status="PASS" signature="beforeMethod()[pri:0, instance:com.ljd.java001.TestNG@4cc0edeb]" name="beforeMethod" is-config="true" duration-ms="0" started-at="2020-11-05T12:53:44Z" finished-at="2020-11-05T12:53:44Z">
          <reporter-output>
          </reporter-output>
        </test-method> <!-- beforeMethod -->
        <test-method status="PASS" signature="afterMethod()[pri:0, instance:com.ljd.java001.TestNG@4cc0edeb]" name="afterMethod" is-config="true" duration-ms="0" started-at="2020-11-05T12:53:44Z" finished-at="2020-11-05T12:53:44Z">
          <reporter-output>
          </reporter-output>
        </test-method> <!-- afterMethod -->
        <test-method status="PASS" signature="beforeMethod()[pri:0, instance:com.ljd.java001.TestNG@4cc0edeb]" name="beforeMethod" is-config="true" duration-ms="0" started-at="2020-11-05T12:53:44Z" finished-at="2020-11-05T12:53:44Z">
          <reporter-output>
          </reporter-output>
        </test-method> <!-- beforeMethod -->
        <test-method status="PASS" signature="testCase2()[pri:0, instance:com.ljd.java001.TestNG@4cc0edeb]" name="testCase2" duration-ms="2" started-at="2020-11-05T12:53:44Z" finished-at="2020-11-05T12:53:44Z">
          <reporter-output>
          </reporter-output>
        </test-method> <!-- testCase2 -->
        <test-method status="PASS" signature="afterClass()[pri:0, instance:com.ljd.java001.TestNG@4cc0edeb]" name="afterClass" is-config="true" duration-ms="0" started-at="2020-11-05T12:53:44Z" finished-at="2020-11-05T12:53:44Z">
          <reporter-output>
          </reporter-output>
        </test-method> <!-- afterClass -->
        <test-method status="PASS" signature="afterMethod()[pri:0, instance:com.ljd.java001.TestNG@4cc0edeb]" name="afterMethod" is-config="true" duration-ms="0" started-at="2020-11-05T12:53:44Z" finished-at="2020-11-05T12:53:44Z">
          <reporter-output>
          </reporter-output>
        </test-method> <!-- afterMethod -->
        <test-method status="PASS" signature="afterTest()[pri:0, instance:com.ljd.java001.TestNG@4cc0edeb]" name="afterTest" is-config="true" duration-ms="0" started-at="2020-11-05T12:53:44Z" finished-at="2020-11-05T12:53:44Z">
          <reporter-output>
          </reporter-output>
        </test-method> <!-- afterTest -->
        <test-method status="PASS" signature="afterSuite()[pri:0, instance:com.ljd.java001.TestNG@4cc0edeb]" name="afterSuite" is-config="true" duration-ms="0" started-at="2020-11-05T12:53:44Z" finished-at="2020-11-05T12:53:44Z">
          <reporter-output>
          </reporter-output>
        </test-method> <!-- afterSuite -->
      </class> <!-- com.ljd.java001.TestNG -->
    </test> <!-- Default test -->
  </suite> <!-- Default suite -->
</testng-results>
